INFO:__main__:Fetching IDs for 19 games...
INFO:__main__:Fetching ID for game: -Lånebiblioteket -The Taverns Of Tiefenthal
INFO:__main__:No results found for: -Lånebiblioteket -The Taverns Of Tiefenthal
INFO:__main__:Fetching ID for game: -Säljs från Lånebiblioteket- HINT Junior (sv)
INFO:__main__:No results found for: -Säljs från Lånebiblioteket- HINT Junior
INFO:__main__:Fetching ID for game: 7 Wonders 2nd Edition (sv)
INFO:__main__:No results found for: 7 Wonders 2nd Edition
INFO:__main__:Fetching ID for game: BOOoop. / Boop.
INFO:__main__:No results found for: BOOoop. / Boop.
INFO:__main__:Fetching ID for game: Backgammon Medium Green (1732)
INFO:__main__:No results found for: Backgammon Medium Green
INFO:__main__:Fetching ID for game: Chess/Schack (2706)
INFO:__main__:No results found for: Chess/Schack
INFO:__main__:Fetching ID for game: Exit Kids: Gåtornas Djungel
INFO:__main__:No results found for: Exit Kids: Gåtornas Djungel
INFO:__main__:Fetching ID for game: Exploding Kittens - Original Edition
INFO:__main__:No results found for: Exploding Kittens - Original Edition
INFO:__main__:Fetching ID for game: Famous Women Trivia Quiz
INFO:__main__:No results found for: Famous Women Trivia Quiz
INFO:__main__:Fetching ID for game: Kurragömma på Bondgården
INFO:__main__:No results found for: Kurragömma på Bondgården
INFO:__main__:Fetching ID for game: London 2nd Edition
INFO:__main__:No results found for: London 2nd Edition
INFO:__main__:Fetching ID for game: Pandemic Hot Zone - Europe (sv)
INFO:__main__:No results found for: Pandemic Hot Zone - Europe
INFO:__main__:Fetching ID for game: Quiznödig - Hemma
INFO:__main__:No results found for: Quiznödig - Hemma
INFO:__main__:Fetching ID for game: Quiznödig - På Festen
INFO:__main__:No results found for: Quiznödig - På Festen
INFO:__main__:Fetching ID for game: Set: The Family Game of Visual Perception
INFO:__main__:No results found for: Set: The Family Game of Visual Perception
INFO:__main__:Fetching ID for game: Star Realms Deckbuilding Game
INFO:__main__:No results found for: Star Realms Deckbuilding Game
INFO:__main__:Fetching ID for game: TEAM3 - Pink
INFO:__main__:No results found for: TEAM3 - Pink
INFO:__main__:Fetching ID for game: What Do You Meme? Recently Refreshed
INFO:__main__:No results found for: What Do You Meme? Recently Refreshed
INFO:__main__:Fetching ID for game: Årtalsmästarna
INFO:__main__:No results found for: Årtalsmästarna
INFO:__main__:Fetching details for 0 games...
INFO:__main__:Saving output files...
INFO:__main__:Complete.
INFO:__main__:Fetching page 1...
INFO:__main__:Fetched page 1
INFO:__main__:Fetching page 2...
INFO:__main__:Fetched page 2
INFO:__main__:Fetching page 3...
INFO:__main__:Fetched page 3
INFO:__main__:Fetching page 4...
INFO:__main__:Fetched page 4
INFO:__main__:Fetching page 5...
INFO:__main__:Fetched page 5
INFO:__main__:Fetching page 6...
INFO:__main__:Fetched page 6
INFO:__main__:Fetching page 7...
INFO:__main__:Fetched page 7
INFO:__main__:Fetching page 8...
INFO:__main__:Fetched page 8
INFO:__main__:Fetching page 9...
INFO:__main__:Fetched page 9
INFO:__main__:Fetching page 10...
INFO:__main__:Fetched page 10
INFO:__main__:Fetching page 11...
INFO:__main__:Fetched page 11
INFO:__main__:Fetching page 12...
INFO:__main__:Fetched page 12
INFO:__main__:Fetching page 13...
INFO:__main__:Fetched page 13
INFO:__main__:Fetching page 14...
INFO:__main__:Fetched page 14
INFO:__main__:Fetching page 15...
INFO:__main__:Fetched page 15
INFO:__main__:Fetching page 16...
INFO:__main__:Fetched page 16
INFO:__main__:Fetching page 17...
INFO:__main__:Fetched page 17
INFO:__main__:Fetching page 18...
INFO:__main__:Fetched page 18
INFO:__main__:Fetching page 19...
INFO:__main__:Fetched page 19
INFO:__main__:Scraping complete.
INFO:__main__:Stock availability updates: Empty DataFrame
Columns: [name, state_previous, state_current, state_since, status]
Index: []
INFO:dragon_scrape:Fetching page 1...
INFO:dragon_scrape:Fetched page 1
INFO:dragon_scrape:Fetching page 2...
INFO:dragon_scrape:Fetched page 2
INFO:dragon_scrape:Fetching page 3...
INFO:dragon_scrape:Fetched page 3
INFO:dragon_scrape:Fetching page 4...
INFO:dragon_scrape:Fetched page 4
INFO:dragon_scrape:Fetching page 5...
INFO:dragon_scrape:Fetched page 5
INFO:dragon_scrape:Fetching page 6...
INFO:dragon_scrape:Fetched page 6
INFO:dragon_scrape:Fetching page 7...
INFO:dragon_scrape:Fetched page 7
INFO:dragon_scrape:Fetching page 8...
INFO:dragon_scrape:Fetched page 8
INFO:dragon_scrape:Fetching page 9...
INFO:dragon_scrape:Fetched page 9
INFO:dragon_scrape:Fetching page 10...
INFO:dragon_scrape:Fetched page 10
INFO:dragon_scrape:Fetching page 11...
INFO:dragon_scrape:Fetched page 11
INFO:dragon_scrape:Fetching page 12...
INFO:dragon_scrape:Fetched page 12
INFO:dragon_scrape:Fetching page 13...
INFO:dragon_scrape:Fetched page 13
INFO:dragon_scrape:Fetching page 14...
INFO:dragon_scrape:Fetched page 14
INFO:dragon_scrape:Fetching page 15...
INFO:dragon_scrape:Fetched page 15
INFO:dragon_scrape:Fetching page 16...
INFO:dragon_scrape:Fetched page 16
INFO:dragon_scrape:Fetching page 17...
INFO:dragon_scrape:Fetched page 17
INFO:dragon_scrape:Fetching page 18...
INFO:dragon_scrape:Fetched page 18
INFO:dragon_scrape:Fetching page 19...
INFO:dragon_scrape:Fetched page 19
INFO:__main__:Scraping complete.
INFO:__main__:Stock availability updates: Empty DataFrame
Columns: [name, state_previous, state_current, state_since, status]
Index: []
INFO:__main__:Fetching IDs for 19 games...
INFO:bgg_api:Fetching ID for game: -Lånebiblioteket -The Taverns Of Tiefenthal
INFO:bgg_api:No results found for: -Lånebiblioteket -The Taverns Of Tiefenthal
INFO:bgg_api:Fetching ID for game: -Säljs från Lånebiblioteket- HINT Junior (sv)
INFO:bgg_api:No results found for: -Säljs från Lånebiblioteket- HINT Junior
INFO:bgg_api:Fetching ID for game: 7 Wonders 2nd Edition (sv)
INFO:bgg_api:No results found for: 7 Wonders 2nd Edition
INFO:bgg_api:Fetching ID for game: BOOoop. / Boop.
INFO:bgg_api:No results found for: BOOoop. / Boop.
INFO:bgg_api:Fetching ID for game: Backgammon Medium Green (1732)
INFO:bgg_api:No results found for: Backgammon Medium Green
INFO:bgg_api:Fetching ID for game: Chess/Schack (2706)
INFO:bgg_api:No results found for: Chess/Schack
INFO:bgg_api:Fetching ID for game: Exit Kids: Gåtornas Djungel
INFO:bgg_api:No results found for: Exit Kids: Gåtornas Djungel
INFO:bgg_api:Fetching ID for game: Exploding Kittens - Original Edition
INFO:bgg_api:No results found for: Exploding Kittens - Original Edition
INFO:bgg_api:Fetching ID for game: Famous Women Trivia Quiz
INFO:bgg_api:No results found for: Famous Women Trivia Quiz
INFO:bgg_api:Fetching ID for game: Kurragömma på Bondgården
INFO:bgg_api:No results found for: Kurragömma på Bondgården
INFO:bgg_api:Fetching ID for game: London 2nd Edition
INFO:bgg_api:No results found for: London 2nd Edition
INFO:bgg_api:Fetching ID for game: Pandemic Hot Zone - Europe (sv)
INFO:bgg_api:No results found for: Pandemic Hot Zone - Europe
INFO:bgg_api:Fetching ID for game: Quiznödig - Hemma
INFO:bgg_api:No results found for: Quiznödig - Hemma
INFO:bgg_api:Fetching ID for game: Quiznödig - På Festen
INFO:bgg_api:No results found for: Quiznödig - På Festen
INFO:bgg_api:Fetching ID for game: Set: The Family Game of Visual Perception
INFO:bgg_api:No results found for: Set: The Family Game of Visual Perception
INFO:bgg_api:Fetching ID for game: Star Realms Deckbuilding Game
INFO:bgg_api:No results found for: Star Realms Deckbuilding Game
INFO:bgg_api:Fetching ID for game: TEAM3 - Pink
INFO:bgg_api:No results found for: TEAM3 - Pink
INFO:bgg_api:Fetching ID for game: What Do You Meme? Recently Refreshed
INFO:bgg_api:No results found for: What Do You Meme? Recently Refreshed
INFO:bgg_api:Fetching ID for game: Årtalsmästarna
INFO:bgg_api:No results found for: Årtalsmästarna
INFO:__main__:Fetching details for 0 games...
INFO:__main__:Saving output files...
INFO:__main__:Complete.
